[ 2015-12-08T13:30:29+08:00 ] ::1 /info/index.php?g=Admin&m=public&a=dologin
INFO: [ app_begin ] --START--
INFO: Run Behavior\ReadHtmlCacheBehavior [ RunTime:0.003000s ]
INFO: Run Behavior\CheckLangBehavior [ RunTime:0.009001s ]
INFO: [ app_begin ] --END-- [ RunTime:0.013001s ]
SQL: SHOW COLUMNS FROM `sp_users` [ RunTime:0.0190s ]
SQL: SELECT * FROM `sp_users` WHERE `user_login` = 'admin' LIMIT 1   [ RunTime:0.0010s ]
SQL: SHOW COLUMNS FROM `sp_role_user` [ RunTime:0.0150s ]
SQL: SELECT `role_id` FROM sp_role_user a INNER JOIN sp_role as b on a.role_id =b.id  WHERE `user_id` = '1' AND `status` = 1  [ RunTime:0.0080s ]
SQL: UPDATE `sp_users` SET `user_login`='admin',`user_pass`='c535018ee946baa408736e9a56dc887e48a095e6858289af',`user_nicename`='admin',`user_email`='a526584713@qq.com',`user_url`='',`avatar`=NULL,`sex`='0',`birthday`=NULL,`signature`=NULL,`last_login_ip`='0.0.0.0',`last_login_time`='2015-12-08 13:30:29',`create_time`='2015-05-22 09:43:39',`user_activation_key`='',`user_status`='1',`score`='0',`user_type`='1',`term`='0' WHERE `id` = '1' [ RunTime:0.0010s ]

[ 2015-12-08T13:30:40+08:00 ] ::1 /info/index.php?g=Admin&m=route&a=index
NOTIC: D方法实例化没找到模型类Common\Model\RouteModel

[ 2015-12-08T13:30:41+08:00 ] ::1 /info/index.php?g=Admin&m=route&a=add
NOTIC: D方法实例化没找到模型类Common\Model\RouteModel

[ 2015-12-08T13:30:56+08:00 ] ::1 /info/index.php?g=Admin&m=route&a=add_post
INFO: [ app_begin ] --START--
INFO: Run Behavior\ReadHtmlCacheBehavior [ RunTime:0.003000s ]
INFO: Run Behavior\CheckLangBehavior [ RunTime:0.016001s ]
INFO: [ app_begin ] --END-- [ RunTime:0.022001s ]
SQL: SHOW COLUMNS FROM `sp_users` [ RunTime:0.0040s ]
SQL: SELECT * FROM `sp_users` WHERE ( id=1 ) LIMIT 1   [ RunTime:0.0010s ]
NOTIC: D方法实例化没找到模型类Common\Model\RouteModel
SQL: SHOW COLUMNS FROM `sp_route` [ RunTime:0.0030s ]
SQL: INSERT INTO `sp_route` (`full_url`,`url`,`status`) VALUES ('portal/article/index?id=1','haha','1') [ RunTime:0.0000s ]

[ 2015-12-08T13:30:57+08:00 ] ::1 /info/index.php?g=Admin&m=route&a=index
NOTIC: D方法实例化没找到模型类Common\Model\RouteModel

[ 2015-12-08T13:31:24+08:00 ] ::1 /info/index.php?g=Admin&m=route&a=edit&id=1
NOTIC: D方法实例化没找到模型类Common\Model\RouteModel

[ 2015-12-08T13:31:29+08:00 ] ::1 /info/index.php?g=Admin&m=route&a=edit_post
INFO: [ app_begin ] --START--
INFO: Run Behavior\ReadHtmlCacheBehavior [ RunTime:0.003000s ]
INFO: Run Behavior\CheckLangBehavior [ RunTime:0.011001s ]
INFO: [ app_begin ] --END-- [ RunTime:0.016001s ]
SQL: SHOW COLUMNS FROM `sp_users` [ RunTime:0.0030s ]
SQL: SELECT * FROM `sp_users` WHERE ( id=1 ) LIMIT 1   [ RunTime:0.0000s ]
NOTIC: D方法实例化没找到模型类Common\Model\RouteModel
SQL: SHOW COLUMNS FROM `sp_route` [ RunTime:0.0030s ]
SQL: UPDATE `sp_route` SET `full_url`='portal/article/index/1',`url`='haha',`status`='1' WHERE `id` = 1 [ RunTime:0.0010s ]

[ 2015-12-08T13:31:29+08:00 ] ::1 /info/index.php?g=Admin&m=route&a=index
NOTIC: D方法实例化没找到模型类Common\Model\RouteModel

[ 2015-12-08T13:31:36+08:00 ] ::1 /info/index.php?g=Admin&m=route&a=edit&id=1
NOTIC: D方法实例化没找到模型类Common\Model\RouteModel

[ 2015-12-08T13:32:29+08:00 ] ::1 /info/index.php?g=Admin&m=route&a=index
NOTIC: D方法实例化没找到模型类Common\Model\RouteModel

[ 2015-12-08T13:32:36+08:00 ] ::1 /info/index.php?g=Admin&m=route&a=edit&id=1
NOTIC: D方法实例化没找到模型类Common\Model\RouteModel

[ 2015-12-08T13:32:39+08:00 ] ::1 /info/index.php?g=Admin&m=route&a=edit_post
INFO: [ app_begin ] --START--
INFO: Run Behavior\ReadHtmlCacheBehavior [ RunTime:0.005000s ]
INFO: Run Behavior\CheckLangBehavior [ RunTime:0.010001s ]
INFO: [ app_begin ] --END-- [ RunTime:0.017001s ]
SQL: SHOW COLUMNS FROM `sp_users` [ RunTime:0.0030s ]
SQL: SELECT * FROM `sp_users` WHERE ( id=1 ) LIMIT 1   [ RunTime:0.0010s ]
NOTIC: D方法实例化没找到模型类Common\Model\RouteModel
SQL: SHOW COLUMNS FROM `sp_route` [ RunTime:0.0030s ]
SQL: UPDATE `sp_route` SET `full_url`='Portal/article/index/1',`url`='haha',`status`='1' WHERE `id` = 1 [ RunTime:0.0010s ]

[ 2015-12-08T13:32:39+08:00 ] ::1 /info/index.php?g=Admin&m=route&a=index
NOTIC: D方法实例化没找到模型类Common\Model\RouteModel

[ 2015-12-08T13:32:47+08:00 ] ::1 /info/index.php?g=Admin&m=route&a=edit&id=1
NOTIC: D方法实例化没找到模型类Common\Model\RouteModel

[ 2015-12-08T13:32:50+08:00 ] ::1 /info/index.php?g=Admin&m=route&a=edit_post
INFO: [ app_begin ] --START--
INFO: Run Behavior\ReadHtmlCacheBehavior [ RunTime:0.003000s ]
INFO: Run Behavior\CheckLangBehavior [ RunTime:0.009001s ]
INFO: [ app_begin ] --END-- [ RunTime:0.014001s ]
SQL: SHOW COLUMNS FROM `sp_users` [ RunTime:0.0030s ]
SQL: SELECT * FROM `sp_users` WHERE ( id=1 ) LIMIT 1   [ RunTime:0.0010s ]
NOTIC: D方法实例化没找到模型类Common\Model\RouteModel
SQL: SHOW COLUMNS FROM `sp_route` [ RunTime:0.0030s ]
SQL: UPDATE `sp_route` SET `full_url`='portal/article/index/1',`url`='haha',`status`='1' WHERE `id` = 1 [ RunTime:0.0010s ]

[ 2015-12-08T13:32:51+08:00 ] ::1 /info/index.php?g=Admin&m=route&a=index
NOTIC: D方法实例化没找到模型类Common\Model\RouteModel

[ 2015-12-08T13:40:13+08:00 ] ::1 /info/index.php?g=Admin&m=route&a=edit&id=1
NOTIC: D方法实例化没找到模型类Common\Model\RouteModel

[ 2015-12-08T13:40:25+08:00 ] ::1 /info/index.php?g=Admin&m=route&a=edit_post
INFO: [ app_begin ] --START--
INFO: Run Behavior\ReadHtmlCacheBehavior [ RunTime:0.004001s ]
INFO: Run Behavior\CheckLangBehavior [ RunTime:0.008000s ]
INFO: [ app_begin ] --END-- [ RunTime:0.014001s ]
SQL: SHOW COLUMNS FROM `sp_users` [ RunTime:0.0030s ]
SQL: SELECT * FROM `sp_users` WHERE ( id=1 ) LIMIT 1   [ RunTime:0.0000s ]
NOTIC: D方法实例化没找到模型类Common\Model\RouteModel
SQL: SHOW COLUMNS FROM `sp_route` [ RunTime:0.0030s ]
SQL: UPDATE `sp_route` SET `full_url`='portal/list/index',`url`='haha',`status`='1' WHERE `id` = 1 [ RunTime:0.0000s ]

[ 2015-12-08T13:40:26+08:00 ] ::1 /info/index.php?g=Admin&m=route&a=index
NOTIC: D方法实例化没找到模型类Common\Model\RouteModel

[ 2015-12-08T13:40:37+08:00 ] ::1 /info/index.php?g=Admin&m=route&a=edit&id=1
NOTIC: D方法实例化没找到模型类Common\Model\RouteModel

[ 2015-12-08T13:41:26+08:00 ] ::1 /info/index.php?g=Admin&m=route&a=edit_post
INFO: [ app_begin ] --START--
INFO: Run Behavior\ReadHtmlCacheBehavior [ RunTime:0.004001s ]
INFO: Run Behavior\CheckLangBehavior [ RunTime:0.008000s ]
INFO: [ app_begin ] --END-- [ RunTime:0.013001s ]
SQL: SHOW COLUMNS FROM `sp_users` [ RunTime:0.0030s ]
SQL: SELECT * FROM `sp_users` WHERE ( id=1 ) LIMIT 1   [ RunTime:0.0010s ]
NOTIC: D方法实例化没找到模型类Common\Model\RouteModel
SQL: SHOW COLUMNS FROM `sp_route` [ RunTime:0.0030s ]
SQL: UPDATE `sp_route` SET `full_url`='portal/list/index?id=2',`url`='haha',`status`='1' WHERE `id` = 1 [ RunTime:0.0000s ]

[ 2015-12-08T13:41:26+08:00 ] ::1 /info/index.php?g=Admin&m=route&a=index
NOTIC: D方法实例化没找到模型类Common\Model\RouteModel

[ 2015-12-08T13:42:36+08:00 ] ::1 /info/index.php?g=Admin&m=route&a=edit&id=1
NOTIC: D方法实例化没找到模型类Common\Model\RouteModel

[ 2015-12-08T13:42:49+08:00 ] ::1 /info/index.php/Admin/Route
NOTIC: D方法实例化没找到模型类Common\Model\RouteModel

[ 2015-12-08T13:47:41+08:00 ] ::1 /info/index.php?g=Admin&m=public&a=dologin
INFO: [ app_begin ] --START--
INFO: Run Behavior\ReadHtmlCacheBehavior [ RunTime:0.003001s ]
INFO: Run Behavior\CheckLangBehavior [ RunTime:0.010000s ]
INFO: [ app_begin ] --END-- [ RunTime:0.015001s ]
SQL: SHOW COLUMNS FROM `sp_users` [ RunTime:0.0030s ]
SQL: SELECT * FROM `sp_users` WHERE `user_login` = 'admin' LIMIT 1   [ RunTime:0.0000s ]
SQL: SHOW COLUMNS FROM `sp_role_user` [ RunTime:0.0030s ]
SQL: SELECT `role_id` FROM sp_role_user a INNER JOIN sp_role as b on a.role_id =b.id  WHERE `user_id` = '1' AND `status` = 1  [ RunTime:0.0010s ]
SQL: UPDATE `sp_users` SET `user_login`='admin',`user_pass`='c535018ee946baa408736e9a56dc887e48a095e6858289af',`user_nicename`='admin',`user_email`='a526584713@qq.com',`user_url`='',`avatar`=NULL,`sex`='0',`birthday`=NULL,`signature`=NULL,`last_login_ip`='0.0.0.0',`last_login_time`='2015-12-08 13:47:41',`create_time`='2015-05-22 09:43:39',`user_activation_key`='',`user_status`='1',`score`='0',`user_type`='1',`term`='0' WHERE `id` = '1' [ RunTime:0.0000s ]

