[ 2015-12-08T13:30:36+08:00 ] ::1 /info/index.php?g=user&m=index&a=is_login
INFO: [ app_begin ] --START--
INFO: Run Behavior\ReadHtmlCacheBehavior [ RunTime:0.005000s ]
INFO: Run Behavior\CheckLangBehavior [ RunTime:0.010001s ]
INFO: [ app_begin ] --END-- [ RunTime:0.016001s ]
NOTIC: [8] Undefined index: url D:\upupw\htdocs\info\application\Common\Controller\AppframeController.class.php 第 43 行.

[ 2015-12-08T13:31:02+08:00 ] ::1 /info/index.php?g=user&m=index&a=is_login
INFO: [ app_begin ] --START--
INFO: Run Behavior\ReadHtmlCacheBehavior [ RunTime:0.004001s ]
INFO: Run Behavior\CheckLangBehavior [ RunTime:0.008000s ]
INFO: [ app_begin ] --END-- [ RunTime:0.014001s ]
NOTIC: [8] Undefined index: url D:\upupw\htdocs\info\application\Common\Controller\AppframeController.class.php 第 43 行.

[ 2015-12-08T13:31:32+08:00 ] ::1 /info/index.php?g=user&m=index&a=is_login
INFO: [ app_begin ] --START--
INFO: Run Behavior\ReadHtmlCacheBehavior [ RunTime:0.005001s ]
INFO: Run Behavior\CheckLangBehavior [ RunTime:0.009000s ]
INFO: [ app_begin ] --END-- [ RunTime:0.015001s ]
NOTIC: [8] Undefined index: url D:\upupw\htdocs\info\application\Common\Controller\AppframeController.class.php 第 43 行.

[ 2015-12-08T13:31:34+08:00 ] ::1 /info/index.php?g=user&m=index&a=is_login
INFO: [ app_begin ] --START--
INFO: Run Behavior\ReadHtmlCacheBehavior [ RunTime:0.003000s ]
INFO: Run Behavior\CheckLangBehavior [ RunTime:0.007000s ]
INFO: [ app_begin ] --END-- [ RunTime:0.012000s ]
NOTIC: [8] Undefined index: url D:\upupw\htdocs\info\application\Common\Controller\AppframeController.class.php 第 43 行.

[ 2015-12-08T13:32:42+08:00 ] ::1 /info/index.php?g=user&m=index&a=is_login
INFO: [ app_begin ] --START--
INFO: Run Behavior\ReadHtmlCacheBehavior [ RunTime:0.003000s ]
INFO: Run Behavior\CheckLangBehavior [ RunTime:0.106006s ]
INFO: [ app_begin ] --END-- [ RunTime:0.111006s ]
NOTIC: [8] Undefined index: url D:\upupw\htdocs\info\application\Common\Controller\AppframeController.class.php 第 43 行.

[ 2015-12-08T13:32:44+08:00 ] ::1 /info/index.php?g=user&m=index&a=is_login
INFO: [ app_begin ] --START--
INFO: Run Behavior\ReadHtmlCacheBehavior [ RunTime:0.004000s ]
INFO: Run Behavior\CheckLangBehavior [ RunTime:0.008001s ]
INFO: [ app_begin ] --END-- [ RunTime:0.014001s ]
NOTIC: [8] Undefined index: url D:\upupw\htdocs\info\application\Common\Controller\AppframeController.class.php 第 43 行.

[ 2015-12-08T13:40:02+08:00 ] ::1 /info/index.php?g=user&m=index&a=is_login
INFO: [ app_begin ] --START--
INFO: Run Behavior\ReadHtmlCacheBehavior [ RunTime:0.003000s ]
INFO: Run Behavior\CheckLangBehavior [ RunTime:0.006001s ]
INFO: [ app_begin ] --END-- [ RunTime:0.012001s ]
NOTIC: [8] Undefined index: url D:\upupw\htdocs\info\application\Common\Controller\AppframeController.class.php 第 43 行.

[ 2015-12-08T13:40:32+08:00 ] ::1 /info/index.php?g=user&m=index&a=is_login
INFO: [ app_begin ] --START--
INFO: Run Behavior\ReadHtmlCacheBehavior [ RunTime:0.003001s ]
INFO: Run Behavior\CheckLangBehavior [ RunTime:0.008000s ]
INFO: [ app_begin ] --END-- [ RunTime:0.013001s ]
NOTIC: [8] Undefined index: url D:\upupw\htdocs\info\application\Common\Controller\AppframeController.class.php 第 43 行.

[ 2015-12-08T13:40:43+08:00 ] ::1 /info/index.php?g=user&m=index&a=is_login
INFO: [ app_begin ] --START--
INFO: Run Behavior\ReadHtmlCacheBehavior [ RunTime:0.004000s ]
INFO: Run Behavior\CheckLangBehavior [ RunTime:0.010001s ]
INFO: [ app_begin ] --END-- [ RunTime:0.016001s ]
NOTIC: [8] Undefined index: url D:\upupw\htdocs\info\application\Common\Controller\AppframeController.class.php 第 43 行.

[ 2015-12-08T13:40:48+08:00 ] ::1 /info/index.php?g=user&m=index&a=is_login
INFO: [ app_begin ] --START--
INFO: Run Behavior\ReadHtmlCacheBehavior [ RunTime:0.003001s ]
INFO: Run Behavior\CheckLangBehavior [ RunTime:0.008000s ]
INFO: [ app_begin ] --END-- [ RunTime:0.012001s ]
NOTIC: [8] Undefined index: url D:\upupw\htdocs\info\application\Common\Controller\AppframeController.class.php 第 43 行.

[ 2015-12-08T13:40:54+08:00 ] ::1 /info/index.php?g=user&m=index&a=is_login
INFO: [ app_begin ] --START--
INFO: Run Behavior\ReadHtmlCacheBehavior [ RunTime:0.003000s ]
INFO: Run Behavior\CheckLangBehavior [ RunTime:0.007001s ]
INFO: [ app_begin ] --END-- [ RunTime:0.013001s ]
NOTIC: [8] Undefined index: url D:\upupw\htdocs\info\application\Common\Controller\AppframeController.class.php 第 43 行.

[ 2015-12-08T13:40:56+08:00 ] ::1 /info/index.php?g=user&m=index&a=is_login
INFO: [ app_begin ] --START--
INFO: Run Behavior\ReadHtmlCacheBehavior [ RunTime:0.004000s ]
INFO: Run Behavior\CheckLangBehavior [ RunTime:0.007001s ]
INFO: [ app_begin ] --END-- [ RunTime:0.013001s ]
NOTIC: [8] Undefined index: url D:\upupw\htdocs\info\application\Common\Controller\AppframeController.class.php 第 43 行.

[ 2015-12-08T13:41:32+08:00 ] ::1 /info/index.php?g=user&m=index&a=is_login
INFO: [ app_begin ] --START--
INFO: Run Behavior\ReadHtmlCacheBehavior [ RunTime:0.005001s ]
INFO: Run Behavior\CheckLangBehavior [ RunTime:0.007000s ]
INFO: [ app_begin ] --END-- [ RunTime:0.013001s ]
NOTIC: [8] Undefined index: url D:\upupw\htdocs\info\application\Common\Controller\AppframeController.class.php 第 43 行.

[ 2015-12-08T13:41:36+08:00 ] ::1 /info/index.php?g=user&m=index&a=is_login
INFO: [ app_begin ] --START--
INFO: Run Behavior\ReadHtmlCacheBehavior [ RunTime:0.003000s ]
INFO: Run Behavior\CheckLangBehavior [ RunTime:0.008000s ]
INFO: [ app_begin ] --END-- [ RunTime:0.012000s ]
NOTIC: [8] Undefined index: url D:\upupw\htdocs\info\application\Common\Controller\AppframeController.class.php 第 43 行.

[ 2015-12-08T13:41:38+08:00 ] ::1 /info/index.php?g=user&m=index&a=is_login
INFO: [ app_begin ] --START--
INFO: Run Behavior\ReadHtmlCacheBehavior [ RunTime:0.003000s ]
INFO: Run Behavior\CheckLangBehavior [ RunTime:0.008000s ]
INFO: [ app_begin ] --END-- [ RunTime:0.012000s ]
NOTIC: [8] Undefined index: url D:\upupw\htdocs\info\application\Common\Controller\AppframeController.class.php 第 43 行.

[ 2015-12-08T13:41:39+08:00 ] ::1 /info/index.php?g=user&m=index&a=is_login
INFO: [ app_begin ] --START--
INFO: Run Behavior\ReadHtmlCacheBehavior [ RunTime:0.004000s ]
INFO: Run Behavior\CheckLangBehavior [ RunTime:0.007000s ]
INFO: [ app_begin ] --END-- [ RunTime:0.012000s ]
NOTIC: [8] Undefined index: url D:\upupw\htdocs\info\application\Common\Controller\AppframeController.class.php 第 43 行.

[ 2015-12-08T13:41:41+08:00 ] ::1 /info/index.php?g=user&m=index&a=is_login
INFO: [ app_begin ] --START--
INFO: Run Behavior\ReadHtmlCacheBehavior [ RunTime:0.004000s ]
INFO: Run Behavior\CheckLangBehavior [ RunTime:0.007001s ]
INFO: [ app_begin ] --END-- [ RunTime:0.013001s ]
NOTIC: [8] Undefined index: url D:\upupw\htdocs\info\application\Common\Controller\AppframeController.class.php 第 43 行.

[ 2015-12-08T13:41:43+08:00 ] ::1 /info/index.php?g=user&m=index&a=is_login
INFO: [ app_begin ] --START--
INFO: Run Behavior\ReadHtmlCacheBehavior [ RunTime:0.003000s ]
INFO: Run Behavior\CheckLangBehavior [ RunTime:0.007000s ]
INFO: [ app_begin ] --END-- [ RunTime:0.012001s ]
NOTIC: [8] Undefined index: url D:\upupw\htdocs\info\application\Common\Controller\AppframeController.class.php 第 43 行.

[ 2015-12-08T13:41:57+08:00 ] ::1 /info/index.php?g=user&m=index&a=is_login
INFO: [ app_begin ] --START--
INFO: Run Behavior\ReadHtmlCacheBehavior [ RunTime:0.003000s ]
INFO: Run Behavior\CheckLangBehavior [ RunTime:0.008001s ]
INFO: [ app_begin ] --END-- [ RunTime:0.012001s ]
NOTIC: [8] Undefined index: url D:\upupw\htdocs\info\application\Common\Controller\AppframeController.class.php 第 43 行.

[ 2015-12-08T13:42:01+08:00 ] ::1 /info/index.php?g=user&m=index&a=is_login
INFO: [ app_begin ] --START--
INFO: Run Behavior\ReadHtmlCacheBehavior [ RunTime:0.003001s ]
INFO: Run Behavior\CheckLangBehavior [ RunTime:0.008000s ]
INFO: [ app_begin ] --END-- [ RunTime:0.012001s ]
NOTIC: [8] Undefined index: url D:\upupw\htdocs\info\application\Common\Controller\AppframeController.class.php 第 43 行.

[ 2015-12-08T13:42:04+08:00 ] ::1 /info/index.php?g=user&m=index&a=is_login
INFO: [ app_begin ] --START--
INFO: Run Behavior\ReadHtmlCacheBehavior [ RunTime:0.003000s ]
INFO: Run Behavior\CheckLangBehavior [ RunTime:0.008000s ]
INFO: [ app_begin ] --END-- [ RunTime:0.012000s ]
NOTIC: [8] Undefined index: url D:\upupw\htdocs\info\application\Common\Controller\AppframeController.class.php 第 43 行.

[ 2015-12-08T13:42:07+08:00 ] ::1 /info/index.php?g=user&m=index&a=is_login
INFO: [ app_begin ] --START--
INFO: Run Behavior\ReadHtmlCacheBehavior [ RunTime:0.004001s ]
INFO: Run Behavior\CheckLangBehavior [ RunTime:0.007000s ]
INFO: [ app_begin ] --END-- [ RunTime:0.012001s ]
NOTIC: [8] Undefined index: url D:\upupw\htdocs\info\application\Common\Controller\AppframeController.class.php 第 43 行.

[ 2015-12-08T13:42:09+08:00 ] ::1 /info/index.php?g=user&m=index&a=is_login
INFO: [ app_begin ] --START--
INFO: Run Behavior\ReadHtmlCacheBehavior [ RunTime:0.004001s ]
INFO: Run Behavior\CheckLangBehavior [ RunTime:0.008000s ]
INFO: [ app_begin ] --END-- [ RunTime:0.013001s ]
NOTIC: [8] Undefined index: url D:\upupw\htdocs\info\application\Common\Controller\AppframeController.class.php 第 43 行.

[ 2015-12-08T13:42:55+08:00 ] ::1 /info/index.php?g=user&m=index&a=is_login
INFO: [ app_begin ] --START--
INFO: Run Behavior\ReadHtmlCacheBehavior [ RunTime:0.003000s ]
INFO: Run Behavior\CheckLangBehavior [ RunTime:0.007001s ]
INFO: [ app_begin ] --END-- [ RunTime:0.012001s ]
NOTIC: [8] Undefined index: url D:\upupw\htdocs\info\application\Common\Controller\AppframeController.class.php 第 43 行.

[ 2015-12-08T13:42:57+08:00 ] ::1 /info/index.php?g=user&m=index&a=is_login
INFO: [ app_begin ] --START--
INFO: Run Behavior\ReadHtmlCacheBehavior [ RunTime:0.003000s ]
INFO: Run Behavior\CheckLangBehavior [ RunTime:0.008000s ]
INFO: [ app_begin ] --END-- [ RunTime:0.012000s ]
NOTIC: [8] Undefined index: url D:\upupw\htdocs\info\application\Common\Controller\AppframeController.class.php 第 43 行.

