[ 2015-12-03T09:16:52+08:00 ] 192.168.1.48 /info/index.php?g=User&m=book&a=find_month&month=15&type=2
INFO: [ app_begin ] --START--
INFO: Run Behavior\ReadHtmlCacheBehavior [ RunTime:0.003000s ]
INFO: Run Behavior\CheckLangBehavior [ RunTime:0.008001s ]
INFO: [ app_begin ] --END-- [ RunTime:0.014001s ]
SQL: SHOW COLUMNS FROM `sp_users` [ RunTime:0.0020s ]
SQL: SELECT * FROM `sp_users` WHERE ( id=51 ) LIMIT 1   [ RunTime:0.0000s ]
SQL: SHOW COLUMNS FROM `sp_role_user` [ RunTime:0.0020s ]
SQL: SELECT `role_id` FROM sp_role_user a INNER JOIN sp_role as b on a.role_id =b.id  WHERE `user_id` = '51' AND `status` = 1  [ RunTime:0.0010s ]
SQL: SHOW COLUMNS FROM `sp_auth_access` [ RunTime:0.0020s ]
SQL: SELECT * FROM sp_auth_access a INNER JOIN sp_auth_rule as b on a.rule_name =b.name  WHERE a.role_id IN ('8') AND b.name IN ('user/book/find_month')  [ RunTime:0.0010s ]
SQL: SHOW COLUMNS FROM `sp_input_book` [ RunTime:0.0240s ]
SQL: SHOW COLUMNS FROM `sp_handbook_type` [ RunTime:0.0260s ]
SQL: SELECT * FROM matt_app.M_TestStore WHERE Month = 15 AND Type = 2  [ RunTime:0.1530s ]
INFO: [ view_parse ] --START--
INFO: [ template_filter ] --START--
INFO: Run Behavior\ContentReplaceBehavior [ RunTime:0.000000s ]
INFO: [ template_filter ] --END-- [ RunTime:0.000000s ]
INFO: Run Behavior\ParseTemplateBehavior [ RunTime:0.048003s ]
INFO: [ view_parse ] --END-- [ RunTime:0.048003s ]
INFO: [ view_filter ] --START--
INFO: Run Behavior\WriteHtmlCacheBehavior [ RunTime:0.004000s ]
INFO: Run Common\Behavior\TmplStripSpaceBehavior [ RunTime:0.004000s ]
INFO: [ view_filter ] --END-- [ RunTime:0.009000s ]
INFO: [ app_end ] --START--
INFO: Run Behavior\ShowPageTraceBehavior [ RunTime:0.004001s ]
INFO: [ app_end ] --END-- [ RunTime:0.005001s ]

[ 2015-12-03T09:19:50+08:00 ] 192.168.1.159 /info/index.php?g=User&m=book&a=find_month&month=4&type=1
INFO: [ app_begin ] --START--
INFO: Run Behavior\ReadHtmlCacheBehavior [ RunTime:0.003000s ]
INFO: Run Behavior\CheckLangBehavior [ RunTime:0.007001s ]
INFO: [ app_begin ] --END-- [ RunTime:0.012001s ]
SQL: SHOW COLUMNS FROM `sp_users` [ RunTime:0.0030s ]
SQL: SELECT * FROM `sp_users` WHERE ( id=51 ) LIMIT 1   [ RunTime:0.0010s ]
SQL: SHOW COLUMNS FROM `sp_role_user` [ RunTime:0.0030s ]
SQL: SELECT `role_id` FROM sp_role_user a INNER JOIN sp_role as b on a.role_id =b.id  WHERE `user_id` = '51' AND `status` = 1  [ RunTime:0.0000s ]
SQL: SHOW COLUMNS FROM `sp_auth_access` [ RunTime:0.0020s ]
SQL: SELECT * FROM sp_auth_access a INNER JOIN sp_auth_rule as b on a.rule_name =b.name  WHERE a.role_id IN ('8') AND b.name IN ('user/book/find_month')  [ RunTime:0.0010s ]
SQL: SHOW COLUMNS FROM `sp_input_book` [ RunTime:0.0020s ]
SQL: SHOW COLUMNS FROM `sp_handbook_type` [ RunTime:0.0020s ]
SQL: SELECT * FROM matt_app.M_TestStore WHERE Month = 4 AND Type = 1  [ RunTime:0.0610s ]
INFO: [ view_parse ] --START--
INFO: [ template_filter ] --START--
INFO: Run Behavior\ContentReplaceBehavior [ RunTime:0.000000s ]
INFO: [ template_filter ] --END-- [ RunTime:0.000000s ]
INFO: Run Behavior\ParseTemplateBehavior [ RunTime:0.030002s ]
INFO: [ view_parse ] --END-- [ RunTime:0.030002s ]
INFO: [ view_filter ] --START--
INFO: Run Behavior\WriteHtmlCacheBehavior [ RunTime:0.003000s ]
INFO: Run Common\Behavior\TmplStripSpaceBehavior [ RunTime:0.004000s ]
INFO: [ view_filter ] --END-- [ RunTime:0.007000s ]
INFO: [ app_end ] --START--
INFO: Run Behavior\ShowPageTraceBehavior [ RunTime:0.003000s ]
INFO: [ app_end ] --END-- [ RunTime:0.003000s ]

[ 2015-12-03T09:20:49+08:00 ] 192.168.1.159 /info/index.php?g=User&m=book&a=find_month&month=4&type=1
INFO: [ app_begin ] --START--
INFO: Run Behavior\ReadHtmlCacheBehavior [ RunTime:0.004000s ]
INFO: Run Behavior\CheckLangBehavior [ RunTime:0.007001s ]
INFO: [ app_begin ] --END-- [ RunTime:0.012001s ]
SQL: SHOW COLUMNS FROM `sp_users` [ RunTime:0.0020s ]
SQL: SELECT * FROM `sp_users` WHERE ( id=51 ) LIMIT 1   [ RunTime:0.0010s ]
SQL: SHOW COLUMNS FROM `sp_role_user` [ RunTime:0.0030s ]
SQL: SELECT `role_id` FROM sp_role_user a INNER JOIN sp_role as b on a.role_id =b.id  WHERE `user_id` = '51' AND `status` = 1  [ RunTime:0.0010s ]
SQL: SHOW COLUMNS FROM `sp_auth_access` [ RunTime:0.0020s ]
SQL: SELECT * FROM sp_auth_access a INNER JOIN sp_auth_rule as b on a.rule_name =b.name  WHERE a.role_id IN ('8') AND b.name IN ('user/book/find_month')  [ RunTime:0.0000s ]
SQL: SHOW COLUMNS FROM `sp_input_book` [ RunTime:0.0030s ]
SQL: SHOW COLUMNS FROM `sp_handbook_type` [ RunTime:0.0020s ]
SQL: SELECT * FROM matt_app.M_TestStore WHERE Month = 4 AND Type = 1  [ RunTime:0.0010s ]
INFO: [ view_parse ] --START--
INFO: [ template_filter ] --START--
INFO: Run Behavior\ContentReplaceBehavior [ RunTime:0.000000s ]
INFO: [ template_filter ] --END-- [ RunTime:0.000000s ]
INFO: Run Behavior\ParseTemplateBehavior [ RunTime:0.031001s ]
INFO: [ view_parse ] --END-- [ RunTime:0.031001s ]
INFO: [ view_filter ] --START--
INFO: Run Behavior\WriteHtmlCacheBehavior [ RunTime:0.003001s ]
INFO: Run Common\Behavior\TmplStripSpaceBehavior [ RunTime:0.004000s ]
INFO: [ view_filter ] --END-- [ RunTime:0.007001s ]
INFO: [ app_end ] --START--
INFO: Run Behavior\ShowPageTraceBehavior [ RunTime:0.003000s ]
INFO: [ app_end ] --END-- [ RunTime:0.004000s ]

[ 2015-12-03T09:23:21+08:00 ] 192.168.1.159 /info/index.php?g=User&m=book&a=find_month&month=4&type=1
INFO: [ app_begin ] --START--
INFO: Run Behavior\ReadHtmlCacheBehavior [ RunTime:0.003000s ]
INFO: Run Behavior\CheckLangBehavior [ RunTime:0.008001s ]
INFO: [ app_begin ] --END-- [ RunTime:0.012001s ]
SQL: SHOW COLUMNS FROM `sp_users` [ RunTime:0.0030s ]
SQL: SELECT * FROM `sp_users` WHERE ( id=51 ) LIMIT 1   [ RunTime:0.0010s ]
SQL: SHOW COLUMNS FROM `sp_role_user` [ RunTime:0.0030s ]
SQL: SELECT `role_id` FROM sp_role_user a INNER JOIN sp_role as b on a.role_id =b.id  WHERE `user_id` = '51' AND `status` = 1  [ RunTime:0.0000s ]
SQL: SHOW COLUMNS FROM `sp_auth_access` [ RunTime:0.0020s ]
SQL: SELECT * FROM sp_auth_access a INNER JOIN sp_auth_rule as b on a.rule_name =b.name  WHERE a.role_id IN ('8') AND b.name IN ('user/book/find_month')  [ RunTime:0.0000s ]
SQL: SHOW COLUMNS FROM `sp_input_book` [ RunTime:0.0030s ]
SQL: SHOW COLUMNS FROM `sp_handbook_type` [ RunTime:0.0030s ]
SQL: SELECT * FROM matt_app.M_TestStore WHERE Month = 4 AND Type = 1  [ RunTime:0.0010s ]
INFO: [ view_parse ] --START--
INFO: [ template_filter ] --START--
INFO: Run Behavior\ContentReplaceBehavior [ RunTime:0.000000s ]
INFO: [ template_filter ] --END-- [ RunTime:0.000000s ]
INFO: Run Behavior\ParseTemplateBehavior [ RunTime:0.031002s ]
INFO: [ view_parse ] --END-- [ RunTime:0.031002s ]
INFO: [ view_filter ] --START--
INFO: Run Behavior\WriteHtmlCacheBehavior [ RunTime:0.003000s ]
INFO: Run Common\Behavior\TmplStripSpaceBehavior [ RunTime:0.004000s ]
INFO: [ view_filter ] --END-- [ RunTime:0.007000s ]
INFO: [ app_end ] --START--
INFO: Run Behavior\ShowPageTraceBehavior [ RunTime:0.003000s ]
INFO: [ app_end ] --END-- [ RunTime:0.003000s ]

[ 2015-12-03T09:27:00+08:00 ] 192.168.1.159 /info/index.php?g=User&m=book&a=find_month&month=4&type=1
INFO: [ app_begin ] --START--
INFO: Run Behavior\ReadHtmlCacheBehavior [ RunTime:0.004000s ]
INFO: Run Behavior\CheckLangBehavior [ RunTime:0.007001s ]
INFO: [ app_begin ] --END-- [ RunTime:0.012001s ]
SQL: SHOW COLUMNS FROM `sp_users` [ RunTime:0.0030s ]
SQL: SELECT * FROM `sp_users` WHERE ( id=51 ) LIMIT 1   [ RunTime:0.0010s ]
SQL: SHOW COLUMNS FROM `sp_role_user` [ RunTime:0.0020s ]
SQL: SELECT `role_id` FROM sp_role_user a INNER JOIN sp_role as b on a.role_id =b.id  WHERE `user_id` = '51' AND `status` = 1  [ RunTime:0.0000s ]
SQL: SHOW COLUMNS FROM `sp_auth_access` [ RunTime:0.0020s ]
SQL: SELECT * FROM sp_auth_access a INNER JOIN sp_auth_rule as b on a.rule_name =b.name  WHERE a.role_id IN ('8') AND b.name IN ('user/book/find_month')  [ RunTime:0.0010s ]
SQL: SHOW COLUMNS FROM `sp_input_book` [ RunTime:0.0020s ]
SQL: SHOW COLUMNS FROM `sp_handbook_type` [ RunTime:0.0030s ]
SQL: SELECT * FROM matt_app.M_TestStore WHERE Month = 4 AND Type = 1  [ RunTime:0.0020s ]
INFO: [ view_parse ] --START--
INFO: [ template_filter ] --START--
INFO: Run Behavior\ContentReplaceBehavior [ RunTime:0.000000s ]
INFO: [ template_filter ] --END-- [ RunTime:0.000000s ]
INFO: Run Behavior\ParseTemplateBehavior [ RunTime:0.031002s ]
INFO: [ view_parse ] --END-- [ RunTime:0.031002s ]
INFO: [ view_filter ] --START--
INFO: Run Behavior\WriteHtmlCacheBehavior [ RunTime:0.003000s ]
INFO: Run Common\Behavior\TmplStripSpaceBehavior [ RunTime:0.003001s ]
INFO: [ view_filter ] --END-- [ RunTime:0.007001s ]
INFO: [ app_end ] --START--
INFO: Run Behavior\ShowPageTraceBehavior [ RunTime:0.004000s ]
INFO: [ app_end ] --END-- [ RunTime:0.004000s ]

[ 2015-12-03T09:56:24+08:00 ] ::1 /info/index.php?g=User&m=book&a=find_month&month=3&type=2
INFO: [ app_begin ] --START--
INFO: Run Behavior\ReadHtmlCacheBehavior [ RunTime:0.003000s ]
INFO: Run Behavior\CheckLangBehavior [ RunTime:0.008001s ]
INFO: [ app_begin ] --END-- [ RunTime:0.012001s ]
SQL: SHOW COLUMNS FROM `sp_users` [ RunTime:0.0030s ]
SQL: SELECT * FROM `sp_users` WHERE ( id=1 ) LIMIT 1   [ RunTime:0.0010s ]
SQL: SHOW COLUMNS FROM `sp_input_book` [ RunTime:0.0200s ]
SQL: SHOW COLUMNS FROM `sp_handbook_type` [ RunTime:0.0240s ]
SQL: SELECT * FROM matt_app.M_TestStore WHERE Month = 3 AND Type = 2  [ RunTime:0.0140s ]
INFO: [ view_parse ] --START--
INFO: [ template_filter ] --START--
INFO: Run Behavior\ContentReplaceBehavior [ RunTime:0.000000s ]
INFO: [ template_filter ] --END-- [ RunTime:0.001000s ]
INFO: Run Behavior\ParseTemplateBehavior [ RunTime:0.049002s ]
INFO: [ view_parse ] --END-- [ RunTime:0.050002s ]
INFO: [ view_filter ] --START--
INFO: Run Behavior\WriteHtmlCacheBehavior [ RunTime:0.003001s ]
INFO: Run Common\Behavior\TmplStripSpaceBehavior [ RunTime:0.004000s ]
INFO: [ view_filter ] --END-- [ RunTime:0.007001s ]
INFO: [ app_end ] --START--
INFO: Run Behavior\ShowPageTraceBehavior [ RunTime:0.003000s ]
INFO: [ app_end ] --END-- [ RunTime:0.004000s ]

[ 2015-12-03T10:04:52+08:00 ] ::1 /info/index.php?g=User&m=Default&a=edit_store&id=131
ERR: 模板不存在:tpl_admin/simpleboot/User/Default/edit_store.html

[ 2015-12-03T10:36:10+08:00 ] ::1 /info/index.php?g=User&m=Default&a=edit_store_post
ERR: SQLSTATE[42S02]: Base table or view not found: 1146 Table 'mat_app.m_teststore' doesn't exist

[ 2015-12-03T10:44:14+08:00 ] ::1 /info/index.php?g=User&m=Default&a=add_store
ERR: 模板不存在:tpl_admin/simpleboot/User/Default/add_store.html

[ 2015-12-03T10:44:25+08:00 ] 192.168.1.159 /info/index.php?g=User&m=book&a=find_month&month=4&type=1
INFO: [ app_begin ] --START--
INFO: Run Behavior\ReadHtmlCacheBehavior [ RunTime:0.004000s ]
INFO: Run Behavior\CheckLangBehavior [ RunTime:0.007001s ]
INFO: [ app_begin ] --END-- [ RunTime:0.013001s ]
SQL: SHOW COLUMNS FROM `sp_users` [ RunTime:0.0030s ]
SQL: SELECT * FROM `sp_users` WHERE ( id=51 ) LIMIT 1   [ RunTime:0.0000s ]
SQL: SHOW COLUMNS FROM `sp_role_user` [ RunTime:0.0030s ]
SQL: SELECT `role_id` FROM sp_role_user a INNER JOIN sp_role as b on a.role_id =b.id  WHERE `user_id` = '51' AND `status` = 1  [ RunTime:0.0010s ]
SQL: SHOW COLUMNS FROM `sp_auth_access` [ RunTime:0.0030s ]
SQL: SELECT * FROM sp_auth_access a INNER JOIN sp_auth_rule as b on a.rule_name =b.name  WHERE a.role_id IN ('8') AND b.name IN ('user/book/find_month')  [ RunTime:0.0010s ]
SQL: SHOW COLUMNS FROM `sp_input_book` [ RunTime:0.0030s ]
SQL: SHOW COLUMNS FROM `sp_handbook_type` [ RunTime:0.0030s ]
SQL: SELECT * FROM matt_app.M_TestStore WHERE Month = 4 AND Type = 1  [ RunTime:0.0010s ]
INFO: [ view_parse ] --START--
INFO: [ template_filter ] --START--
INFO: Run Behavior\ContentReplaceBehavior [ RunTime:0.001000s ]
INFO: [ template_filter ] --END-- [ RunTime:0.001000s ]
INFO: Run Behavior\ParseTemplateBehavior [ RunTime:0.034002s ]
INFO: [ view_parse ] --END-- [ RunTime:0.034002s ]
INFO: [ view_filter ] --START--
INFO: Run Behavior\WriteHtmlCacheBehavior [ RunTime:0.003000s ]
INFO: Run Common\Behavior\TmplStripSpaceBehavior [ RunTime:0.004001s ]
INFO: [ view_filter ] --END-- [ RunTime:0.007001s ]
INFO: [ app_end ] --START--
INFO: Run Behavior\ShowPageTraceBehavior [ RunTime:0.004000s ]
INFO: [ app_end ] --END-- [ RunTime:0.005000s ]

[ 2015-12-03T11:14:20+08:00 ] ::1 /info/index.php?g=User&m=Default&a=edit_store_post
ERR: SQLSTATE[42000]: Syntax error or access violation: 1064 You have an error in your SQL syntax; check the manual that corresponds to your MariaDB server version for the right syntax to use near '' at line 1

[ 2015-12-03T11:14:36+08:00 ] ::1 /info/index.php?g=User&m=Default&a=edit_store_post
ERR: SQLSTATE[42000]: Syntax error or access violation: 1064 You have an error in your SQL syntax; check the manual that corresponds to your MariaDB server version for the right syntax to use near '' at line 1

[ 2015-12-03T11:15:07+08:00 ] ::1 /info/index.php?g=User&m=Default&a=add_store_post
ERR: SQLSTATE[42000]: Syntax error or access violation: 1064 You have an error in your SQL syntax; check the manual that corresponds to your MariaDB server version for the right syntax to use near ''','<p>测试</p>','','','','','2015-12-03 11:15:07')' at line 1

[ 2015-12-03T11:18:21+08:00 ] ::1 /info/index.php?g=User&m=Default&a=store_delete&id=2563
INFO: [ app_begin ] --START--
INFO: Run Behavior\ReadHtmlCacheBehavior [ RunTime:0.004000s ]
INFO: Run Behavior\CheckLangBehavior [ RunTime:0.010001s ]
INFO: [ app_begin ] --END-- [ RunTime:0.015001s ]
SQL: SHOW COLUMNS FROM `sp_users` [ RunTime:0.0030s ]
SQL: SELECT * FROM `sp_users` WHERE ( id=1 ) LIMIT 1   [ RunTime:0.0000s ]
SQL: UPDATE matt_app.M_TestStore SET IsDelete = 1 WHERE ID = 2563 [ RunTime:0.0280s ]

[ 2015-12-03T11:28:39+08:00 ] 192.168.1.159 /info/index.php?g=User&m=book&a=find_month&month=4&type=1
INFO: [ app_begin ] --START--
INFO: Run Behavior\ReadHtmlCacheBehavior [ RunTime:0.004000s ]
INFO: Run Behavior\CheckLangBehavior [ RunTime:0.007000s ]
INFO: [ app_begin ] --END-- [ RunTime:0.012000s ]
SQL: SHOW COLUMNS FROM `sp_users` [ RunTime:0.0040s ]
SQL: SELECT * FROM `sp_users` WHERE ( id=51 ) LIMIT 1   [ RunTime:0.0010s ]
SQL: SHOW COLUMNS FROM `sp_role_user` [ RunTime:0.0030s ]
SQL: SELECT `role_id` FROM sp_role_user a INNER JOIN sp_role as b on a.role_id =b.id  WHERE `user_id` = '51' AND `status` = 1  [ RunTime:0.0010s ]
SQL: SHOW COLUMNS FROM `sp_auth_access` [ RunTime:0.0020s ]
SQL: SELECT * FROM sp_auth_access a INNER JOIN sp_auth_rule as b on a.rule_name =b.name  WHERE a.role_id IN ('8') AND b.name IN ('user/book/find_month')  [ RunTime:0.0010s ]
SQL: SHOW COLUMNS FROM `sp_input_book` [ RunTime:0.0030s ]
SQL: SHOW COLUMNS FROM `sp_handbook_type` [ RunTime:0.0030s ]
SQL: SELECT * FROM matt_app.M_TestStore WHERE Month = 4 AND Type = 1  [ RunTime:0.0020s ]
INFO: [ view_parse ] --START--
INFO: [ template_filter ] --START--
INFO: Run Behavior\ContentReplaceBehavior [ RunTime:0.000000s ]
INFO: [ template_filter ] --END-- [ RunTime:0.000000s ]
INFO: Run Behavior\ParseTemplateBehavior [ RunTime:0.033001s ]
INFO: [ view_parse ] --END-- [ RunTime:0.033001s ]
INFO: [ view_filter ] --START--
INFO: Run Behavior\WriteHtmlCacheBehavior [ RunTime:0.004001s ]
INFO: Run Common\Behavior\TmplStripSpaceBehavior [ RunTime:0.003000s ]
INFO: [ view_filter ] --END-- [ RunTime:0.007001s ]
INFO: [ app_end ] --START--
INFO: Run Behavior\ShowPageTraceBehavior [ RunTime:0.006000s ]
INFO: [ app_end ] --END-- [ RunTime:0.006000s ]

[ 2015-12-03T11:32:12+08:00 ] 192.168.1.159 /info/index.php?g=User&m=book&a=find_month&month=4&type=1
INFO: [ app_begin ] --START--
INFO: Run Behavior\ReadHtmlCacheBehavior [ RunTime:0.004000s ]
INFO: Run Behavior\CheckLangBehavior [ RunTime:0.007000s ]
INFO: [ app_begin ] --END-- [ RunTime:0.012000s ]
SQL: SHOW COLUMNS FROM `sp_users` [ RunTime:0.0070s ]
SQL: SELECT * FROM `sp_users` WHERE ( id=51 ) LIMIT 1   [ RunTime:0.0010s ]
SQL: SHOW COLUMNS FROM `sp_role_user` [ RunTime:0.0030s ]
SQL: SELECT `role_id` FROM sp_role_user a INNER JOIN sp_role as b on a.role_id =b.id  WHERE `user_id` = '51' AND `status` = 1  [ RunTime:0.0010s ]
SQL: SHOW COLUMNS FROM `sp_auth_access` [ RunTime:0.0030s ]
SQL: SELECT * FROM sp_auth_access a INNER JOIN sp_auth_rule as b on a.rule_name =b.name  WHERE a.role_id IN ('8') AND b.name IN ('user/book/find_month')  [ RunTime:0.0000s ]
SQL: SHOW COLUMNS FROM `sp_input_book` [ RunTime:0.0030s ]
SQL: SHOW COLUMNS FROM `sp_handbook_type` [ RunTime:0.0030s ]
SQL: SELECT * FROM matt_app.M_TestStore WHERE Month = 4 AND Type = 1  [ RunTime:0.0020s ]
INFO: [ view_parse ] --START--
INFO: [ template_filter ] --START--
INFO: Run Behavior\ContentReplaceBehavior [ RunTime:0.000000s ]
INFO: [ template_filter ] --END-- [ RunTime:0.000000s ]
INFO: Run Behavior\ParseTemplateBehavior [ RunTime:0.035002s ]
INFO: [ view_parse ] --END-- [ RunTime:0.035002s ]
INFO: [ view_filter ] --START--
INFO: Run Behavior\WriteHtmlCacheBehavior [ RunTime:0.004000s ]
INFO: Run Common\Behavior\TmplStripSpaceBehavior [ RunTime:0.004000s ]
INFO: [ view_filter ] --END-- [ RunTime:0.008000s ]
INFO: [ app_end ] --START--
INFO: Run Behavior\ShowPageTraceBehavior [ RunTime:0.003000s ]
INFO: [ app_end ] --END-- [ RunTime:0.003000s ]

[ 2015-12-03T11:37:47+08:00 ] 192.168.1.159 /info/index.php?g=User&m=book&a=find_month&month=4&type=1
INFO: [ app_begin ] --START--
INFO: Run Behavior\ReadHtmlCacheBehavior [ RunTime:0.015600s ]
INFO: Run Behavior\CheckLangBehavior [ RunTime:0.000000s ]
INFO: [ app_begin ] --END-- [ RunTime:0.015600s ]
SQL: SHOW COLUMNS FROM `sp_users` [ RunTime:0.0000s ]
SQL: SELECT * FROM `sp_users` WHERE ( id=51 ) LIMIT 1   [ RunTime:0.0000s ]
SQL: SHOW COLUMNS FROM `sp_role_user` [ RunTime:0.0000s ]
SQL: SELECT `role_id` FROM sp_role_user a INNER JOIN sp_role as b on a.role_id =b.id  WHERE `user_id` = '51' AND `status` = 1  [ RunTime:0.0000s ]
SQL: SHOW COLUMNS FROM `sp_auth_access` [ RunTime:0.0156s ]
SQL: SELECT * FROM sp_auth_access a INNER JOIN sp_auth_rule as b on a.rule_name =b.name  WHERE a.role_id IN ('8') AND b.name IN ('user/book/find_month')  [ RunTime:0.0000s ]
SQL: SHOW COLUMNS FROM `sp_input_book` [ RunTime:0.0156s ]
SQL: SHOW COLUMNS FROM `sp_handbook_type` [ RunTime:0.0312s ]
SQL: SELECT * FROM matt_app.M_TestStore WHERE Month = 4 AND Type = 1  [ RunTime:0.0936s ]
INFO: [ view_parse ] --START--
INFO: [ template_filter ] --START--
INFO: Run Behavior\ContentReplaceBehavior [ RunTime:0.000000s ]
INFO: [ template_filter ] --END-- [ RunTime:0.000000s ]
INFO: Run Behavior\ParseTemplateBehavior [ RunTime:0.031200s ]
INFO: [ view_parse ] --END-- [ RunTime:0.031200s ]
INFO: [ view_filter ] --START--
INFO: Run Behavior\WriteHtmlCacheBehavior [ RunTime:0.000000s ]
INFO: Run Common\Behavior\TmplStripSpaceBehavior [ RunTime:0.000000s ]
INFO: [ view_filter ] --END-- [ RunTime:0.015600s ]
INFO: [ app_end ] --START--
INFO: Run Behavior\ShowPageTraceBehavior [ RunTime:0.000000s ]
INFO: [ app_end ] --END-- [ RunTime:0.000000s ]

[ 2015-12-03T11:39:29+08:00 ] 192.168.1.159 /info/index.php?g=User&m=book&a=find_month&month=4&type=1
INFO: [ app_begin ] --START--
INFO: Run Behavior\ReadHtmlCacheBehavior [ RunTime:0.000000s ]
INFO: Run Behavior\CheckLangBehavior [ RunTime:0.000000s ]
INFO: [ app_begin ] --END-- [ RunTime:0.000000s ]
SQL: SHOW COLUMNS FROM `sp_users` [ RunTime:0.0000s ]
SQL: SELECT * FROM `sp_users` WHERE ( id=51 ) LIMIT 1   [ RunTime:0.0000s ]
SQL: SHOW COLUMNS FROM `sp_role_user` [ RunTime:0.0156s ]
SQL: SELECT `role_id` FROM sp_role_user a INNER JOIN sp_role as b on a.role_id =b.id  WHERE `user_id` = '51' AND `status` = 1  [ RunTime:0.0000s ]
SQL: SHOW COLUMNS FROM `sp_auth_access` [ RunTime:0.0000s ]
SQL: SELECT * FROM sp_auth_access a INNER JOIN sp_auth_rule as b on a.rule_name =b.name  WHERE a.role_id IN ('8') AND b.name IN ('user/book/find_month')  [ RunTime:0.0000s ]
SQL: SHOW COLUMNS FROM `sp_input_book` [ RunTime:0.0156s ]
SQL: SHOW COLUMNS FROM `sp_handbook_type` [ RunTime:0.0000s ]
SQL: SELECT * FROM matt_app.M_TestStore WHERE Month = 4 AND Type = 1  [ RunTime:0.0000s ]
INFO: [ view_parse ] --START--
INFO: [ template_filter ] --START--
INFO: Run Behavior\ContentReplaceBehavior [ RunTime:0.000000s ]
INFO: [ template_filter ] --END-- [ RunTime:0.000000s ]
INFO: Run Behavior\ParseTemplateBehavior [ RunTime:0.031200s ]
INFO: [ view_parse ] --END-- [ RunTime:0.031200s ]
INFO: [ view_filter ] --START--
INFO: Run Behavior\WriteHtmlCacheBehavior [ RunTime:0.000000s ]
INFO: Run Common\Behavior\TmplStripSpaceBehavior [ RunTime:0.000000s ]
INFO: [ view_filter ] --END-- [ RunTime:0.000000s ]
INFO: [ app_end ] --START--
INFO: Run Behavior\ShowPageTraceBehavior [ RunTime:0.000000s ]
INFO: [ app_end ] --END-- [ RunTime:0.000000s ]

[ 2015-12-03T11:40:23+08:00 ] 192.168.1.159 /info/index.php?g=User&m=book&a=find_month&month=4&type=1
INFO: [ app_begin ] --START--
INFO: Run Behavior\ReadHtmlCacheBehavior [ RunTime:0.000000s ]
INFO: Run Behavior\CheckLangBehavior [ RunTime:0.015600s ]
INFO: [ app_begin ] --END-- [ RunTime:0.015600s ]
SQL: SHOW COLUMNS FROM `sp_users` [ RunTime:0.0156s ]
SQL: SELECT * FROM `sp_users` WHERE ( id=51 ) LIMIT 1   [ RunTime:0.0000s ]
SQL: SHOW COLUMNS FROM `sp_role_user` [ RunTime:0.0000s ]
SQL: SELECT `role_id` FROM sp_role_user a INNER JOIN sp_role as b on a.role_id =b.id  WHERE `user_id` = '51' AND `status` = 1  [ RunTime:0.0000s ]
SQL: SHOW COLUMNS FROM `sp_auth_access` [ RunTime:0.0156s ]
SQL: SELECT * FROM sp_auth_access a INNER JOIN sp_auth_rule as b on a.rule_name =b.name  WHERE a.role_id IN ('8') AND b.name IN ('user/book/find_month')  [ RunTime:0.0000s ]
SQL: SHOW COLUMNS FROM `sp_input_book` [ RunTime:0.0000s ]
SQL: SHOW COLUMNS FROM `sp_handbook_type` [ RunTime:0.0000s ]
SQL: SELECT * FROM matt_app.M_TestStore WHERE Month = 4 AND Type = 1  [ RunTime:0.0000s ]
INFO: [ view_parse ] --START--
INFO: [ template_filter ] --START--
INFO: Run Behavior\ContentReplaceBehavior [ RunTime:0.000000s ]
INFO: [ template_filter ] --END-- [ RunTime:0.000000s ]
INFO: Run Behavior\ParseTemplateBehavior [ RunTime:0.031200s ]
INFO: [ view_parse ] --END-- [ RunTime:0.031200s ]
INFO: [ view_filter ] --START--
INFO: Run Behavior\WriteHtmlCacheBehavior [ RunTime:0.000000s ]
INFO: Run Common\Behavior\TmplStripSpaceBehavior [ RunTime:0.015600s ]
INFO: [ view_filter ] --END-- [ RunTime:0.015600s ]
INFO: [ app_end ] --START--
INFO: Run Behavior\ShowPageTraceBehavior [ RunTime:0.000000s ]
INFO: [ app_end ] --END-- [ RunTime:0.000000s ]

[ 2015-12-03T11:40:52+08:00 ] 192.168.1.159 /info/index.php?g=User&m=book&a=find_month&month=23&type=4
INFO: [ app_begin ] --START--
INFO: Run Behavior\ReadHtmlCacheBehavior [ RunTime:0.000000s ]
INFO: Run Behavior\CheckLangBehavior [ RunTime:0.015600s ]
INFO: [ app_begin ] --END-- [ RunTime:0.015600s ]
SQL: SHOW COLUMNS FROM `sp_users` [ RunTime:0.0000s ]
SQL: SELECT * FROM `sp_users` WHERE ( id=51 ) LIMIT 1   [ RunTime:0.0000s ]
SQL: SHOW COLUMNS FROM `sp_role_user` [ RunTime:0.0000s ]
SQL: SELECT `role_id` FROM sp_role_user a INNER JOIN sp_role as b on a.role_id =b.id  WHERE `user_id` = '51' AND `status` = 1  [ RunTime:0.0000s ]
SQL: SHOW COLUMNS FROM `sp_auth_access` [ RunTime:0.0156s ]
SQL: SELECT * FROM sp_auth_access a INNER JOIN sp_auth_rule as b on a.rule_name =b.name  WHERE a.role_id IN ('8') AND b.name IN ('user/book/find_month')  [ RunTime:0.0000s ]
SQL: SHOW COLUMNS FROM `sp_input_book` [ RunTime:0.0000s ]
SQL: SHOW COLUMNS FROM `sp_handbook_type` [ RunTime:0.0000s ]
SQL: SELECT * FROM matt_app.M_TestStore WHERE Month = 23 AND Type = 4  [ RunTime:0.2184s ]
INFO: [ view_parse ] --START--
INFO: [ template_filter ] --START--
INFO: Run Behavior\ContentReplaceBehavior [ RunTime:0.000000s ]
INFO: [ template_filter ] --END-- [ RunTime:0.000000s ]
INFO: Run Behavior\ParseTemplateBehavior [ RunTime:0.031200s ]
INFO: [ view_parse ] --END-- [ RunTime:0.031200s ]
INFO: [ view_filter ] --START--
INFO: Run Behavior\WriteHtmlCacheBehavior [ RunTime:0.000000s ]
INFO: Run Common\Behavior\TmplStripSpaceBehavior [ RunTime:0.000000s ]
INFO: [ view_filter ] --END-- [ RunTime:0.000000s ]
INFO: [ app_end ] --START--
INFO: Run Behavior\ShowPageTraceBehavior [ RunTime:0.000000s ]
INFO: [ app_end ] --END-- [ RunTime:0.000000s ]

[ 2015-12-03T11:41:19+08:00 ] 192.168.1.159 /info/index.php?g=User&m=book&a=find_month&search=%E8%83%A1%E8%90%9D%E5%8D%9C%E7%B1%B3%E7%B2%89
INFO: [ app_begin ] --START--
INFO: Run Behavior\ReadHtmlCacheBehavior [ RunTime:0.015600s ]
INFO: Run Behavior\CheckLangBehavior [ RunTime:0.000000s ]
INFO: [ app_begin ] --END-- [ RunTime:0.015600s ]
SQL: SHOW COLUMNS FROM `sp_users` [ RunTime:0.0000s ]
SQL: SELECT * FROM `sp_users` WHERE ( id=51 ) LIMIT 1   [ RunTime:0.0000s ]
SQL: SHOW COLUMNS FROM `sp_role_user` [ RunTime:0.0000s ]
SQL: SELECT `role_id` FROM sp_role_user a INNER JOIN sp_role as b on a.role_id =b.id  WHERE `user_id` = '51' AND `status` = 1  [ RunTime:0.0000s ]
SQL: SHOW COLUMNS FROM `sp_auth_access` [ RunTime:0.0000s ]
SQL: SELECT * FROM sp_auth_access a INNER JOIN sp_auth_rule as b on a.rule_name =b.name  WHERE a.role_id IN ('8') AND b.name IN ('user/book/find_month')  [ RunTime:0.0000s ]
SQL: SHOW COLUMNS FROM `sp_input_book` [ RunTime:0.0156s ]
SQL: SHOW COLUMNS FROM `sp_handbook_type` [ RunTime:0.0000s ]
NOTIC: [8] Undefined index: month D:\upupw\htdocs\info\application\User\Controller\BookController.class.php 第 40 行.
NOTIC: [8] Undefined index: type D:\upupw\htdocs\info\application\User\Controller\BookController.class.php 第 41 行.
SQL: SELECT * FROM matt_app.M_TestStore WHERE INSTR(`Title`,'胡萝卜米粉') [ RunTime:0.2340s ]
INFO: [ view_parse ] --START--
INFO: [ template_filter ] --START--
INFO: Run Behavior\ContentReplaceBehavior [ RunTime:0.000000s ]
INFO: [ template_filter ] --END-- [ RunTime:0.015600s ]
INFO: Run Behavior\ParseTemplateBehavior [ RunTime:0.031200s ]
INFO: [ view_parse ] --END-- [ RunTime:0.031200s ]
INFO: [ view_filter ] --START--
INFO: Run Behavior\WriteHtmlCacheBehavior [ RunTime:0.000000s ]
INFO: Run Common\Behavior\TmplStripSpaceBehavior [ RunTime:0.000000s ]
INFO: [ view_filter ] --END-- [ RunTime:0.000000s ]
INFO: [ app_end ] --START--
INFO: Run Behavior\ShowPageTraceBehavior [ RunTime:0.015600s ]
INFO: [ app_end ] --END-- [ RunTime:0.015600s ]

[ 2015-12-03T11:53:36+08:00 ] 192.168.1.159 /info/index.php?g=User&m=book&a=find_month&month=23&type=4
INFO: [ app_begin ] --START--
INFO: Run Behavior\ReadHtmlCacheBehavior [ RunTime:0.004001s ]
INFO: Run Behavior\CheckLangBehavior [ RunTime:0.007000s ]
INFO: [ app_begin ] --END-- [ RunTime:0.013001s ]
SQL: SHOW COLUMNS FROM `sp_users` [ RunTime:0.0030s ]
SQL: SELECT * FROM `sp_users` WHERE ( id=51 ) LIMIT 1   [ RunTime:0.0010s ]
SQL: SHOW COLUMNS FROM `sp_role_user` [ RunTime:0.0030s ]
SQL: SELECT `role_id` FROM sp_role_user a INNER JOIN sp_role as b on a.role_id =b.id  WHERE `user_id` = '51' AND `status` = 1  [ RunTime:0.0010s ]
SQL: SHOW COLUMNS FROM `sp_auth_access` [ RunTime:0.0030s ]
SQL: SELECT * FROM sp_auth_access a INNER JOIN sp_auth_rule as b on a.rule_name =b.name  WHERE a.role_id IN ('8') AND b.name IN ('user/book/find_month')  [ RunTime:0.0010s ]
SQL: SHOW COLUMNS FROM `sp_input_book` [ RunTime:0.0020s ]
SQL: SHOW COLUMNS FROM `sp_handbook_type` [ RunTime:0.0030s ]
SQL: SELECT * FROM matt_app.M_TestStore WHERE Month = 23 AND Type = 4  [ RunTime:0.0060s ]
INFO: [ view_parse ] --START--
INFO: [ template_filter ] --START--
INFO: Run Behavior\ContentReplaceBehavior [ RunTime:0.001000s ]
INFO: [ template_filter ] --END-- [ RunTime:0.001000s ]
INFO: Run Behavior\ParseTemplateBehavior [ RunTime:0.032002s ]
INFO: [ view_parse ] --END-- [ RunTime:0.032002s ]
INFO: [ view_filter ] --START--
INFO: Run Behavior\WriteHtmlCacheBehavior [ RunTime:0.004000s ]
INFO: Run Common\Behavior\TmplStripSpaceBehavior [ RunTime:0.004000s ]
INFO: [ view_filter ] --END-- [ RunTime:0.008000s ]
INFO: [ app_end ] --START--
INFO: Run Behavior\ShowPageTraceBehavior [ RunTime:0.004001s ]
INFO: [ app_end ] --END-- [ RunTime:0.004001s ]

[ 2015-12-03T11:54:07+08:00 ] 192.168.1.159 /info/index.php?g=User&m=book&a=find_month&search=%E8%83%A1%E8%90%9D%E5%8D%9C%E6%B0%B4
INFO: [ app_begin ] --START--
INFO: Run Behavior\ReadHtmlCacheBehavior [ RunTime:0.004000s ]
INFO: Run Behavior\CheckLangBehavior [ RunTime:0.007000s ]
INFO: [ app_begin ] --END-- [ RunTime:0.013000s ]
SQL: SHOW COLUMNS FROM `sp_users` [ RunTime:0.0030s ]
SQL: SELECT * FROM `sp_users` WHERE ( id=51 ) LIMIT 1   [ RunTime:0.0000s ]
SQL: SHOW COLUMNS FROM `sp_role_user` [ RunTime:0.0020s ]
SQL: SELECT `role_id` FROM sp_role_user a INNER JOIN sp_role as b on a.role_id =b.id  WHERE `user_id` = '51' AND `status` = 1  [ RunTime:0.0000s ]
SQL: SHOW COLUMNS FROM `sp_auth_access` [ RunTime:0.0020s ]
SQL: SELECT * FROM sp_auth_access a INNER JOIN sp_auth_rule as b on a.rule_name =b.name  WHERE a.role_id IN ('8') AND b.name IN ('user/book/find_month')  [ RunTime:0.0010s ]
SQL: SHOW COLUMNS FROM `sp_input_book` [ RunTime:0.0030s ]
SQL: SHOW COLUMNS FROM `sp_handbook_type` [ RunTime:0.0020s ]
NOTIC: [8] Undefined index: month D:\upupw\htdocs\info\application\User\Controller\BookController.class.php 第 40 行.
NOTIC: [8] Undefined index: type D:\upupw\htdocs\info\application\User\Controller\BookController.class.php 第 41 行.
SQL: SELECT * FROM matt_app.M_TestStore WHERE INSTR(`Title`,'胡萝卜水') [ RunTime:0.0070s ]
INFO: [ view_parse ] --START--
INFO: [ template_filter ] --START--
INFO: Run Behavior\ContentReplaceBehavior [ RunTime:0.000000s ]
INFO: [ template_filter ] --END-- [ RunTime:0.000000s ]
INFO: Run Behavior\ParseTemplateBehavior [ RunTime:0.032002s ]
INFO: [ view_parse ] --END-- [ RunTime:0.032002s ]
INFO: [ view_filter ] --START--
INFO: Run Behavior\WriteHtmlCacheBehavior [ RunTime:0.004000s ]
INFO: Run Common\Behavior\TmplStripSpaceBehavior [ RunTime:0.004000s ]
INFO: [ view_filter ] --END-- [ RunTime:0.008000s ]
INFO: [ app_end ] --START--
INFO: Run Behavior\ShowPageTraceBehavior [ RunTime:0.004001s ]
INFO: [ app_end ] --END-- [ RunTime:0.004001s ]

[ 2015-12-03T11:54:45+08:00 ] 192.168.1.159 /info/index.php?g=User&m=book&a=find_month&search=%E9%9D%92%E8%8F%9C%E6%B0%B4
INFO: [ app_begin ] --START--
INFO: Run Behavior\ReadHtmlCacheBehavior [ RunTime:0.004000s ]
INFO: Run Behavior\CheckLangBehavior [ RunTime:0.008000s ]
INFO: [ app_begin ] --END-- [ RunTime:0.013000s ]
SQL: SHOW COLUMNS FROM `sp_users` [ RunTime:0.0030s ]
SQL: SELECT * FROM `sp_users` WHERE ( id=51 ) LIMIT 1   [ RunTime:0.0010s ]
SQL: SHOW COLUMNS FROM `sp_role_user` [ RunTime:0.0030s ]
SQL: SELECT `role_id` FROM sp_role_user a INNER JOIN sp_role as b on a.role_id =b.id  WHERE `user_id` = '51' AND `status` = 1  [ RunTime:0.0010s ]
SQL: SHOW COLUMNS FROM `sp_auth_access` [ RunTime:0.0020s ]
SQL: SELECT * FROM sp_auth_access a INNER JOIN sp_auth_rule as b on a.rule_name =b.name  WHERE a.role_id IN ('8') AND b.name IN ('user/book/find_month')  [ RunTime:0.0000s ]
SQL: SHOW COLUMNS FROM `sp_input_book` [ RunTime:0.0030s ]
SQL: SHOW COLUMNS FROM `sp_handbook_type` [ RunTime:0.0030s ]
NOTIC: [8] Undefined index: month D:\upupw\htdocs\info\application\User\Controller\BookController.class.php 第 40 行.
NOTIC: [8] Undefined index: type D:\upupw\htdocs\info\application\User\Controller\BookController.class.php 第 41 行.
SQL: SELECT * FROM matt_app.M_TestStore WHERE INSTR(`Title`,'青菜水') [ RunTime:0.0070s ]
INFO: [ view_parse ] --START--
INFO: [ template_filter ] --START--
INFO: Run Behavior\ContentReplaceBehavior [ RunTime:0.001000s ]
INFO: [ template_filter ] --END-- [ RunTime:0.001000s ]
INFO: Run Behavior\ParseTemplateBehavior [ RunTime:0.033002s ]
INFO: [ view_parse ] --END-- [ RunTime:0.034002s ]
INFO: [ view_filter ] --START--
INFO: Run Behavior\WriteHtmlCacheBehavior [ RunTime:0.003000s ]
INFO: Run Common\Behavior\TmplStripSpaceBehavior [ RunTime:0.004001s ]
INFO: [ view_filter ] --END-- [ RunTime:0.007001s ]
INFO: [ app_end ] --START--
INFO: Run Behavior\ShowPageTraceBehavior [ RunTime:0.004000s ]
INFO: [ app_end ] --END-- [ RunTime:0.004000s ]

[ 2015-12-03T11:55:46+08:00 ] 192.168.1.159 /info/index.php?g=User&m=book&a=find_month&month=23&type=4
INFO: [ app_begin ] --START--
INFO: Run Behavior\ReadHtmlCacheBehavior [ RunTime:0.003000s ]
INFO: Run Behavior\CheckLangBehavior [ RunTime:0.008000s ]
INFO: [ app_begin ] --END-- [ RunTime:0.012000s ]
SQL: SHOW COLUMNS FROM `sp_users` [ RunTime:0.0030s ]
SQL: SELECT * FROM `sp_users` WHERE ( id=51 ) LIMIT 1   [ RunTime:0.0010s ]
SQL: SHOW COLUMNS FROM `sp_role_user` [ RunTime:0.0030s ]
SQL: SELECT `role_id` FROM sp_role_user a INNER JOIN sp_role as b on a.role_id =b.id  WHERE `user_id` = '51' AND `status` = 1  [ RunTime:0.0010s ]
SQL: SHOW COLUMNS FROM `sp_auth_access` [ RunTime:0.0030s ]
SQL: SELECT * FROM sp_auth_access a INNER JOIN sp_auth_rule as b on a.rule_name =b.name  WHERE a.role_id IN ('8') AND b.name IN ('user/book/find_month')  [ RunTime:0.0010s ]
SQL: SHOW COLUMNS FROM `sp_input_book` [ RunTime:0.0030s ]
SQL: SHOW COLUMNS FROM `sp_handbook_type` [ RunTime:0.0030s ]
SQL: SELECT * FROM matt_app.M_TestStore WHERE Month = 23 AND Type = 4  [ RunTime:0.0050s ]
INFO: [ view_parse ] --START--
INFO: [ template_filter ] --START--
INFO: Run Behavior\ContentReplaceBehavior [ RunTime:0.000000s ]
INFO: [ template_filter ] --END-- [ RunTime:0.000000s ]
INFO: Run Behavior\ParseTemplateBehavior [ RunTime:0.032002s ]
INFO: [ view_parse ] --END-- [ RunTime:0.032002s ]
INFO: [ view_filter ] --START--
INFO: Run Behavior\WriteHtmlCacheBehavior [ RunTime:0.003000s ]
INFO: Run Common\Behavior\TmplStripSpaceBehavior [ RunTime:0.005001s ]
INFO: [ view_filter ] --END-- [ RunTime:0.008001s ]
INFO: [ app_end ] --START--
INFO: Run Behavior\ShowPageTraceBehavior [ RunTime:0.004000s ]
INFO: [ app_end ] --END-- [ RunTime:0.004000s ]

