[ 2016-09-26T09:20:24+08:00 ] ::1 /info/index.php?g=User&m=Subject&a=addExamination
ERR: Think\Model:allTerm方法不存在！

[ 2016-09-26T09:20:46+08:00 ] ::1 /info/index.php?g=User&m=Subject&a=addExamination
ERR: Think\Model:allTerm方法不存在！

[ 2016-09-26T09:21:10+08:00 ] ::1 /info/index.php?g=User&m=Subject&a=addExamination
ERR: 模板不存在:tpl_admin/simpleboot/User/Subject/addExamination.html

[ 2016-09-26T09:21:10+08:00 ] ::1 /info/index.php?g=User&m=Subject&a=addExamination
ERR: 模板不存在:tpl_admin/simpleboot/User/Subject/addExamination.html

[ 2016-09-26T10:50:28+08:00 ] ::1 /info/index.php?g=User&m=book&a=defaultHandbook&month=1&day=1&type=0
INFO: [ app_begin ] --START--
INFO: Run Behavior\ReadHtmlCacheBehavior [ RunTime:0.002070s ]
INFO: Run Behavior\CheckLangBehavior [ RunTime:0.004269s ]
INFO: [ app_begin ] --END-- [ RunTime:0.007119s ]
SQL: SHOW COLUMNS FROM `sp_users` [ RunTime:0.0016s ]
SQL: SELECT * FROM `sp_users` WHERE ( id=1 ) LIMIT 1   [ RunTime:0.0002s ]
SQL: SHOW COLUMNS FROM `sp_input_book` [ RunTime:0.0220s ]
SQL: SHOW COLUMNS FROM `sp_handbook_type` [ RunTime:0.0238s ]

[ 2016-09-26T10:50:56+08:00 ] ::1 /info/index.php?g=User&m=book&a=defaultHandbook&month=1&day=1&type=0
INFO: [ app_begin ] --START--
INFO: Run Behavior\ReadHtmlCacheBehavior [ RunTime:0.002069s ]
INFO: Run Behavior\CheckLangBehavior [ RunTime:0.004467s ]
INFO: [ app_begin ] --END-- [ RunTime:0.007346s ]
SQL: SHOW COLUMNS FROM `sp_users` [ RunTime:0.0130s ]
SQL: SELECT * FROM `sp_users` WHERE ( id=1 ) LIMIT 1   [ RunTime:0.0002s ]
SQL: SHOW COLUMNS FROM `sp_input_book` [ RunTime:0.0015s ]
SQL: SHOW COLUMNS FROM `sp_handbook_type` [ RunTime:0.0016s ]

[ 2016-09-26T11:01:18+08:00 ] ::1 /info/index.php?g=User&m=book&a=defaultHandbook&month=1&day=1&type=0
INFO: [ app_begin ] --START--
INFO: Run Behavior\ReadHtmlCacheBehavior [ RunTime:0.002409s ]
INFO: Run Behavior\CheckLangBehavior [ RunTime:0.004328s ]
INFO: [ app_begin ] --END-- [ RunTime:0.007558s ]
SQL: SHOW COLUMNS FROM `sp_users` [ RunTime:0.0126s ]
SQL: SELECT * FROM `sp_users` WHERE ( id=1 ) LIMIT 1   [ RunTime:0.0002s ]
SQL: SHOW COLUMNS FROM `sp_input_book` [ RunTime:0.0014s ]
SQL: SHOW COLUMNS FROM `sp_handbook_type` [ RunTime:0.0015s ]

[ 2016-09-26T11:01:31+08:00 ] ::1 /info/index.php?g=User&m=book&a=defaultHandbook&month=1&day=1&type=0
INFO: [ app_begin ] --START--
INFO: Run Behavior\ReadHtmlCacheBehavior [ RunTime:0.002117s ]
INFO: Run Behavior\CheckLangBehavior [ RunTime:0.004245s ]
INFO: [ app_begin ] --END-- [ RunTime:0.007298s ]
SQL: SHOW COLUMNS FROM `sp_users` [ RunTime:0.0022s ]
SQL: SELECT * FROM `sp_users` WHERE ( id=1 ) LIMIT 1   [ RunTime:0.0002s ]
SQL: SHOW COLUMNS FROM `sp_input_book` [ RunTime:0.0017s ]
SQL: SHOW COLUMNS FROM `sp_handbook_type` [ RunTime:0.0015s ]

[ 2016-09-26T11:01:45+08:00 ] ::1 /info/index.php?g=User&m=book&a=defaultHandbook&month=1&day=1&type=0
INFO: [ app_begin ] --START--
INFO: Run Behavior\ReadHtmlCacheBehavior [ RunTime:0.002815s ]
INFO: Run Behavior\CheckLangBehavior [ RunTime:0.004620s ]
INFO: [ app_begin ] --END-- [ RunTime:0.008292s ]
SQL: SHOW COLUMNS FROM `sp_users` [ RunTime:0.0127s ]
SQL: SELECT * FROM `sp_users` WHERE ( id=1 ) LIMIT 1   [ RunTime:0.0002s ]
SQL: SHOW COLUMNS FROM `sp_input_book` [ RunTime:0.0015s ]
SQL: SHOW COLUMNS FROM `sp_handbook_type` [ RunTime:0.0015s ]

[ 2016-09-26T11:23:40+08:00 ] ::1 /info/index.php?g=User&m=book&a=defaultHandbook&month=1&type=0
INFO: [ app_begin ] --START--
INFO: Run Behavior\ReadHtmlCacheBehavior [ RunTime:0.002294s ]
INFO: Run Behavior\CheckLangBehavior [ RunTime:0.004691s ]
INFO: [ app_begin ] --END-- [ RunTime:0.007836s ]
SQL: SHOW COLUMNS FROM `sp_users` [ RunTime:0.0017s ]
SQL: SELECT * FROM `sp_users` WHERE ( id=1 ) LIMIT 1   [ RunTime:0.0002s ]
SQL: SHOW COLUMNS FROM `sp_input_book` [ RunTime:0.0016s ]
SQL: SHOW COLUMNS FROM `sp_handbook_type` [ RunTime:0.0015s ]
NOTIC: [8] Undefined index: day E:\upupw\htdocs\info\application\User\Controller\BookController.class.php 第 40 行.
ERR: SQLSTATE[42000]: Syntax error or access violation: 1064 You have an error in your SQL syntax; check the manual that corresponds to your MariaDB server version for the right syntax to use near 'AND a.Feed_Type = 0 AND a.Order_Money = 15888 AND a.Is_Deleted = 0 AND b.Title I' at line 1

[ 2016-09-26T11:23:57+08:00 ] ::1 /info/index.php?g=User&m=book&a=defaultHandbook&month=1&type=0
INFO: [ app_begin ] --START--
INFO: Run Behavior\ReadHtmlCacheBehavior [ RunTime:0.002182s ]
INFO: Run Behavior\CheckLangBehavior [ RunTime:0.004385s ]
INFO: [ app_begin ] --END-- [ RunTime:0.007458s ]
SQL: SHOW COLUMNS FROM `sp_users` [ RunTime:0.0129s ]
SQL: SELECT * FROM `sp_users` WHERE ( id=1 ) LIMIT 1   [ RunTime:0.0002s ]
SQL: SHOW COLUMNS FROM `sp_input_book` [ RunTime:0.0016s ]
SQL: SHOW COLUMNS FROM `sp_handbook_type` [ RunTime:0.0018s ]
NOTIC: [8] Undefined index: day E:\upupw\htdocs\info\application\User\Controller\BookController.class.php 第 40 行.
ERR: SQLSTATE[42000]: Syntax error or access violation: 1064 You have an error in your SQL syntax; check the manual that corresponds to your MariaDB server version for the right syntax to use near 'AND a.Feed_Type = 0 AND a.Order_Money = 15888 AND a.Is_Deleted = 0 AND b.Title I' at line 1

